  [1m[35m (22.8ms)[0m  [1m[35mSET NAMES utf8,  @@SESSION.sql_mode = CONCAT(CONCAT(@@sql_mode, ',STRICT_ALL_TABLES'), ',NO_AUTO_VALUE_ON_ZERO'),  @@SESSION.sql_auto_is_null = 0, @@SESSION.wait_timeout = 2147483[0m
Started GET "/" for 127.0.0.1 at 2017-10-01 18:00:08 -0400
Processing by Rails::WelcomeController#index as HTML
  Rendering /Users/odellpurifoy/.rbenv/versions/2.4.1/lib/ruby/gems/2.4.0/gems/railties-5.1.4/lib/rails/templates/rails/welcome/index.html.erb
  Rendered /Users/odellpurifoy/.rbenv/versions/2.4.1/lib/ruby/gems/2.4.0/gems/railties-5.1.4/lib/rails/templates/rails/welcome/index.html.erb (10.0ms)
Completed 200 OK in 596ms (Views: 27.4ms)


  [1m[35m (0.8ms)[0m  [1m[35mSET NAMES utf8,  @@SESSION.sql_mode = CONCAT(CONCAT(@@sql_mode, ',STRICT_ALL_TABLES'), ',NO_AUTO_VALUE_ON_ZERO'),  @@SESSION.sql_auto_is_null = 0, @@SESSION.wait_timeout = 2147483[0m
  [1m[35m (74.4ms)[0m  [1m[35mCREATE TABLE `schema_migrations` (`version` varchar(255) NOT NULL PRIMARY KEY) ENGINE=InnoDB[0m
  [1m[35m (40.7ms)[0m  [1m[35mCREATE TABLE `ar_internal_metadata` (`key` varchar(255) NOT NULL PRIMARY KEY, `value` varchar(255), `created_at` datetime NOT NULL, `updated_at` datetime NOT NULL) ENGINE=InnoDB[0m
  [1m[35m (0.5ms)[0m  [1m[34mSELECT GET_LOCK(5342516360615546595, 0)[0m
  [1m[35m (0.3ms)[0m  [1m[34mSELECT `schema_migrations`.`version` FROM `schema_migrations` ORDER BY `schema_migrations`.`version` ASC[0m
Migrating to CreateUsers (20171001220758)
  [1m[35m (0.5ms)[0m  [1m[34mSELECT RELEASE_LOCK(5342516360615546595)[0m
  [1m[35m (0.8ms)[0m  [1m[35mSET NAMES utf8,  @@SESSION.sql_mode = CONCAT(CONCAT(@@sql_mode, ',STRICT_ALL_TABLES'), ',NO_AUTO_VALUE_ON_ZERO'),  @@SESSION.sql_auto_is_null = 0, @@SESSION.wait_timeout = 2147483[0m
  [1m[35m (0.3ms)[0m  [1m[34mSELECT GET_LOCK(5342516360615546595, 0)[0m
  [1m[35m (0.4ms)[0m  [1m[34mSELECT `schema_migrations`.`version` FROM `schema_migrations` ORDER BY `schema_migrations`.`version` ASC[0m
Migrating to CreateUsers (20171001220758)
  [1m[35m (0.3ms)[0m  [1m[34mSELECT RELEASE_LOCK(5342516360615546595)[0m
  [1m[35m (0.7ms)[0m  [1m[35mSET NAMES utf8,  @@SESSION.sql_mode = CONCAT(CONCAT(@@sql_mode, ',STRICT_ALL_TABLES'), ',NO_AUTO_VALUE_ON_ZERO'),  @@SESSION.sql_auto_is_null = 0, @@SESSION.wait_timeout = 2147483[0m
  [1m[35m (0.3ms)[0m  [1m[34mSELECT GET_LOCK(5342516360615546595, 0)[0m
  [1m[35m (0.4ms)[0m  [1m[34mSELECT `schema_migrations`.`version` FROM `schema_migrations` ORDER BY `schema_migrations`.`version` ASC[0m
Migrating to CreateUsers (20171001220758)
  [1m[35m (29.3ms)[0m  [1m[35mCREATE TABLE `users` (`id` bigint NOT NULL AUTO_INCREMENT PRIMARY KEY, `first_name` varchar(25), `last_name` varchar(50), `email` varchar(255) DEFAULT '' NOT NULL, `password` varchar(40), `created_at` datetime NOT NULL, `updated_at` datetime NOT NULL) ENGINE=InnoDB[0m
  [1m[35m (0.3ms)[0m  [1m[35mBEGIN[0m
  [1m[35mSQL (8.7ms)[0m  [1m[32mINSERT INTO `schema_migrations` (`version`) VALUES ('20171001220758')[0m
  [1m[35m (3.5ms)[0m  [1m[35mCOMMIT[0m
  [1m[36mActiveRecord::InternalMetadata Load (0.5ms)[0m  [1m[34mSELECT  `ar_internal_metadata`.* FROM `ar_internal_metadata` WHERE `ar_internal_metadata`.`key` = 'environment' LIMIT 1[0m
  [1m[35m (0.3ms)[0m  [1m[35mBEGIN[0m
  [1m[35mSQL (2.7ms)[0m  [1m[32mINSERT INTO `ar_internal_metadata` (`key`, `value`, `created_at`, `updated_at`) VALUES ('environment', 'development', '2017-10-01 22:18:01', '2017-10-01 22:18:01')[0m
  [1m[35m (3.3ms)[0m  [1m[35mCOMMIT[0m
  [1m[35m (0.4ms)[0m  [1m[34mSELECT RELEASE_LOCK(5342516360615546595)[0m
  [1m[35m (0.4ms)[0m  [1m[34mSELECT `schema_migrations`.`version` FROM `schema_migrations` ORDER BY `schema_migrations`.`version` ASC[0m
  [1m[35m (0.8ms)[0m  [1m[35mSET NAMES utf8,  @@SESSION.sql_mode = CONCAT(CONCAT(@@sql_mode, ',STRICT_ALL_TABLES'), ',NO_AUTO_VALUE_ON_ZERO'),  @@SESSION.sql_auto_is_null = 0, @@SESSION.wait_timeout = 2147483[0m
  [1m[35m (0.3ms)[0m  [1m[34mSELECT GET_LOCK(5342516360615546595, 0)[0m
  [1m[35m (0.5ms)[0m  [1m[34mSELECT `schema_migrations`.`version` FROM `schema_migrations` ORDER BY `schema_migrations`.`version` ASC[0m
Migrating to CreateSubjects (20171001222425)
  [1m[35m (31.3ms)[0m  [1m[35mCREATE TABLE `subjects` (`id` bigint NOT NULL AUTO_INCREMENT PRIMARY KEY, `name` varchar(255), `position` int, `visible` tinyint(1) DEFAULT 0, `created_at` datetime NOT NULL, `updated_at` datetime NOT NULL) ENGINE=InnoDB[0m
  [1m[35m (0.3ms)[0m  [1m[35mBEGIN[0m
  [1m[35mSQL (0.6ms)[0m  [1m[32mINSERT INTO `schema_migrations` (`version`) VALUES ('20171001222425')[0m
  [1m[35m (1.7ms)[0m  [1m[35mCOMMIT[0m
Migrating to CreatePages (20171001222459)
  [1m[35m (31.3ms)[0m  [1m[35mCREATE TABLE `pages` (`id` bigint NOT NULL AUTO_INCREMENT PRIMARY KEY, `subject_id` int, `name` varchar(255), `permalink` varchar(255), `postion` int, `visible` tinyint(1) DEFAULT 0, `created_at` datetime NOT NULL, `updated_at` datetime NOT NULL) ENGINE=InnoDB[0m
  [1m[35m (34.5ms)[0m  [1m[35mCREATE  INDEX `index_pages_on_subject_id`  ON `pages` (`subject_id`) [0m
  [1m[35m (18.7ms)[0m  [1m[35mCREATE  INDEX `index_pages_on_permalink`  ON `pages` (`permalink`) [0m
  [1m[35m (0.3ms)[0m  [1m[35mBEGIN[0m
  [1m[35mSQL (0.5ms)[0m  [1m[32mINSERT INTO `schema_migrations` (`version`) VALUES ('20171001222459')[0m
  [1m[35m (2.3ms)[0m  [1m[35mCOMMIT[0m
Migrating to CreateSections (20171001222509)
  [1m[35m (31.1ms)[0m  [1m[35mCREATE TABLE `sections` (`id` bigint NOT NULL AUTO_INCREMENT PRIMARY KEY, `page_id` int, `name` varchar(255), `postion` int, `visible` tinyint(1) DEFAULT 0, `content_type` varchar(255), `content` text, `created_at` datetime NOT NULL, `updated_at` datetime NOT NULL) ENGINE=InnoDB[0m
  [1m[35m (18.3ms)[0m  [1m[35mCREATE  INDEX `index_sections_on_page_id`  ON `sections` (`page_id`) [0m
  [1m[35m (0.3ms)[0m  [1m[35mBEGIN[0m
  [1m[35mSQL (0.5ms)[0m  [1m[32mINSERT INTO `schema_migrations` (`version`) VALUES ('20171001222509')[0m
  [1m[35m (2.4ms)[0m  [1m[35mCOMMIT[0m
  [1m[36mActiveRecord::InternalMetadata Load (0.5ms)[0m  [1m[34mSELECT  `ar_internal_metadata`.* FROM `ar_internal_metadata` WHERE `ar_internal_metadata`.`key` = 'environment' LIMIT 1[0m
  [1m[35m (0.2ms)[0m  [1m[35mBEGIN[0m
  [1m[35m (0.3ms)[0m  [1m[35mCOMMIT[0m
  [1m[35m (0.3ms)[0m  [1m[34mSELECT RELEASE_LOCK(5342516360615546595)[0m
  [1m[35m (0.4ms)[0m  [1m[34mSELECT `schema_migrations`.`version` FROM `schema_migrations` ORDER BY `schema_migrations`.`version` ASC[0m
  [1m[35m (0.4ms)[0m  [1m[35mSET NAMES utf8,  @@SESSION.sql_mode = CONCAT(CONCAT(@@sql_mode, ',STRICT_ALL_TABLES'), ',NO_AUTO_VALUE_ON_ZERO'),  @@SESSION.sql_auto_is_null = 0, @@SESSION.wait_timeout = 2147483[0m
  [1m[35m (0.3ms)[0m  [1m[34mSELECT `schema_migrations`.`version` FROM `schema_migrations` ORDER BY `schema_migrations`.`version` ASC[0m
  [1m[35m (1.0ms)[0m  [1m[35mSET NAMES utf8,  @@SESSION.sql_mode = CONCAT(CONCAT(@@sql_mode, ',STRICT_ALL_TABLES'), ',NO_AUTO_VALUE_ON_ZERO'),  @@SESSION.sql_auto_is_null = 0, @@SESSION.wait_timeout = 2147483[0m
  [1m[35m (0.5ms)[0m  [1m[35mSET NAMES utf8,  @@SESSION.sql_mode = CONCAT(CONCAT(@@sql_mode, ',STRICT_ALL_TABLES'), ',NO_AUTO_VALUE_ON_ZERO'),  @@SESSION.sql_auto_is_null = 0, @@SESSION.wait_timeout = 2147483[0m
  [1m[35m (0.8ms)[0m  [1m[35mSET NAMES utf8,  @@SESSION.sql_mode = CONCAT(CONCAT(@@sql_mode, ',STRICT_ALL_TABLES'), ',NO_AUTO_VALUE_ON_ZERO'),  @@SESSION.sql_auto_is_null = 0, @@SESSION.wait_timeout = 2147483[0m
  [1m[35m (0.4ms)[0m  [1m[35mBEGIN[0m
  [1m[35mSQL (1.0ms)[0m  [1m[32mINSERT INTO `subjects` (`name`, `position`, `visible`, `created_at`, `updated_at`) VALUES ('First Subject', 1, 1, '2017-10-01 22:51:02', '2017-10-01 22:51:02')[0m
  [1m[35m (5.9ms)[0m  [1m[35mCOMMIT[0m
  [1m[35m (0.3ms)[0m  [1m[35mBEGIN[0m
  [1m[35mSQL (0.5ms)[0m  [1m[32mINSERT INTO `subjects` (`name`, `position`, `created_at`, `updated_at`) VALUES ('Second Subject', 2, '2017-10-01 22:53:31', '2017-10-01 22:53:31')[0m
  [1m[35m (1.4ms)[0m  [1m[35mCOMMIT[0m
  [1m[36mSubject Load (0.5ms)[0m  [1m[34mSELECT  `subjects`.* FROM `subjects` WHERE `subjects`.`id` = 1 LIMIT 1[0m
  [1m[35m (0.5ms)[0m  [1m[35mBEGIN[0m
  [1m[35mSQL (3.3ms)[0m  [1m[33mUPDATE `subjects` SET `name` = 'Initial Subject', `updated_at` = '2017-10-01 22:55:17' WHERE `subjects`.`id` = 1[0m
  [1m[35m (2.7ms)[0m  [1m[35mCOMMIT[0m
  [1m[36mSubject Load (0.6ms)[0m  [1m[34mSELECT  `subjects`.* FROM `subjects` WHERE `subjects`.`id` = 2 LIMIT 1[0m
  [1m[35m (0.4ms)[0m  [1m[35mBEGIN[0m
  [1m[35mSQL (0.6ms)[0m  [1m[33mUPDATE `subjects` SET `name` = 'Next Subject', `visible` = 1, `updated_at` = '2017-10-01 22:56:34' WHERE `subjects`.`id` = 2[0m
  [1m[35m (2.4ms)[0m  [1m[35mCOMMIT[0m
  [1m[35m (1.6ms)[0m  [1m[35mSET NAMES utf8,  @@SESSION.sql_mode = CONCAT(CONCAT(@@sql_mode, ',STRICT_ALL_TABLES'), ',NO_AUTO_VALUE_ON_ZERO'),  @@SESSION.sql_auto_is_null = 0, @@SESSION.wait_timeout = 2147483[0m
  [1m[36mSubject Load (0.7ms)[0m  [1m[34mSELECT  `subjects`.* FROM `subjects` WHERE `subjects`.`id` = 1 LIMIT 1[0m
  [1m[36mSubject Load (0.5ms)[0m  [1m[34mSELECT  `subjects`.* FROM `subjects` WHERE `subjects`.`id` = 1 LIMIT 1[0m
  [1m[36mPage Load (0.5ms)[0m  [1m[34mSELECT  `pages`.* FROM `pages` WHERE `pages`.`subject_id` = 1 LIMIT 11[0m
  [1m[35m (2.6ms)[0m  [1m[35mBEGIN[0m
  [1m[35mSQL (4.5ms)[0m  [1m[32mINSERT INTO `pages` (`subject_id`, `name`, `created_at`, `updated_at`) VALUES (1, 'First Page', '2017-10-01 23:18:24', '2017-10-01 23:18:24')[0m
  [1m[35m (6.3ms)[0m  [1m[35mCOMMIT[0m
  [1m[36mPage Load (1.6ms)[0m  [1m[34mSELECT  `pages`.* FROM `pages` WHERE `pages`.`subject_id` = 1 LIMIT 11[0m
  [1m[35m (28.3ms)[0m  [1m[35mSET NAMES utf8,  @@SESSION.sql_mode = CONCAT(CONCAT(@@sql_mode, ',STRICT_ALL_TABLES'), ',NO_AUTO_VALUE_ON_ZERO'),  @@SESSION.sql_auto_is_null = 0, @@SESSION.wait_timeout = 2147483[0m
  [1m[35m (0.3ms)[0m  [1m[34mSELECT GET_LOCK(5342516360615546595, 0)[0m
  [1m[35m (6.3ms)[0m  [1m[34mSELECT `schema_migrations`.`version` FROM `schema_migrations` ORDER BY `schema_migrations`.`version` ASC[0m
Migrating to CreateAdminUsersPagesJoin (20171007191945)
  [1m[35m (0.3ms)[0m  [1m[34mSELECT RELEASE_LOCK(5342516360615546595)[0m
  [1m[35m (0.4ms)[0m  [1m[35mSET NAMES utf8,  @@SESSION.sql_mode = CONCAT(CONCAT(@@sql_mode, ',STRICT_ALL_TABLES'), ',NO_AUTO_VALUE_ON_ZERO'),  @@SESSION.sql_auto_is_null = 0, @@SESSION.wait_timeout = 2147483[0m
  [1m[35m (0.2ms)[0m  [1m[34mSELECT GET_LOCK(5342516360615546595, 0)[0m
  [1m[35m (0.3ms)[0m  [1m[34mSELECT `schema_migrations`.`version` FROM `schema_migrations` ORDER BY `schema_migrations`.`version` ASC[0m
Migrating to CreateAdminUsersPagesJoin (20171007191945)
  [1m[35m (46.9ms)[0m  [1m[35mCREATE TABLE `admin_users_pages` (`admin_user_id` int, `page_id` int) ENGINE=InnoDB[0m
  [1m[35m (40.2ms)[0m  [1m[35mCREATE  INDEX `index_admin_users_pages_on_admin_user_id_and_page_id`  ON `admin_users_pages` (`admin_user_id`, `page_id`) [0m
  [1m[35m (0.3ms)[0m  [1m[35mBEGIN[0m
  [1m[35mSQL (4.9ms)[0m  [1m[32mINSERT INTO `schema_migrations` (`version`) VALUES ('20171007191945')[0m
  [1m[35m (3.4ms)[0m  [1m[35mCOMMIT[0m
  [1m[36mActiveRecord::InternalMetadata Load (7.2ms)[0m  [1m[34mSELECT  `ar_internal_metadata`.* FROM `ar_internal_metadata` WHERE `ar_internal_metadata`.`key` = 'environment' LIMIT 1[0m
  [1m[35m (0.3ms)[0m  [1m[35mBEGIN[0m
  [1m[35m (0.3ms)[0m  [1m[35mCOMMIT[0m
  [1m[35m (0.3ms)[0m  [1m[34mSELECT RELEASE_LOCK(5342516360615546595)[0m
  [1m[35m (0.4ms)[0m  [1m[34mSELECT `schema_migrations`.`version` FROM `schema_migrations` ORDER BY `schema_migrations`.`version` ASC[0m
  [1m[35m (0.6ms)[0m  [1m[35mSET NAMES utf8,  @@SESSION.sql_mode = CONCAT(CONCAT(@@sql_mode, ',STRICT_ALL_TABLES'), ',NO_AUTO_VALUE_ON_ZERO'),  @@SESSION.sql_auto_is_null = 0, @@SESSION.wait_timeout = 2147483[0m
  [1m[36mAdminUser Load (0.8ms)[0m  [1m[34mSELECT  `admin_users`.* FROM `admin_users` LIMIT 11[0m
  [1m[36mAdminUser Load (2.3ms)[0m  [1m[34mSELECT  `admin_users`.* FROM `admin_users` LIMIT 11[0m
  [1m[35m (32.1ms)[0m  [1m[35mSET NAMES utf8,  @@SESSION.sql_mode = CONCAT(CONCAT(@@sql_mode, ',STRICT_ALL_TABLES'), ',NO_AUTO_VALUE_ON_ZERO'),  @@SESSION.sql_auto_is_null = 0, @@SESSION.wait_timeout = 2147483[0m
  [1m[35m (6.4ms)[0m  [1m[34mSELECT GET_LOCK(5342516360615546595, 0)[0m
  [1m[35m (3.0ms)[0m  [1m[34mSELECT `schema_migrations`.`version` FROM `schema_migrations` ORDER BY `schema_migrations`.`version` ASC[0m
Migrating to AlterUsers (20171008235927)
  [1m[35m (57.8ms)[0m  [1m[35mRENAME TABLE `users` TO `admin_users`[0m
  [1m[35m (59.4ms)[0m  [1m[35mALTER TABLE `admin_users` ADD `username` varchar(25) AFTER `email`[0m
  [1m[35m (47.8ms)[0m  [1m[35mALTER TABLE `admin_users` CHANGE `email` `email` varchar(100) DEFAULT '' NOT NULL[0m
  [1m[35m (16.4ms)[0m  [1m[35mALTER TABLE `admin_users` CHANGE `password` `hashed_password` varchar(40) DEFAULT NULL[0m
  [1m[35m (19.2ms)[0m  [1m[35mCREATE  INDEX `index_admin_users_on_username`  ON `admin_users` (`username`) [0m
  [1m[35m (0.2ms)[0m  [1m[35mBEGIN[0m
  [1m[35mSQL (2.7ms)[0m  [1m[32mINSERT INTO `schema_migrations` (`version`) VALUES ('20171008235927')[0m
  [1m[35m (0.8ms)[0m  [1m[35mCOMMIT[0m
  [1m[36mActiveRecord::InternalMetadata Load (0.5ms)[0m  [1m[34mSELECT  `ar_internal_metadata`.* FROM `ar_internal_metadata` WHERE `ar_internal_metadata`.`key` = 'environment' LIMIT 1[0m
  [1m[35m (0.4ms)[0m  [1m[35mBEGIN[0m
  [1m[35m (0.9ms)[0m  [1m[35mCOMMIT[0m
  [1m[35m (7.6ms)[0m  [1m[34mSELECT RELEASE_LOCK(5342516360615546595)[0m
  [1m[35m (5.7ms)[0m  [1m[34mSELECT `schema_migrations`.`version` FROM `schema_migrations` ORDER BY `schema_migrations`.`version` ASC[0m
  [1m[35m (0.5ms)[0m  [1m[35mSET NAMES utf8,  @@SESSION.sql_mode = CONCAT(CONCAT(@@sql_mode, ',STRICT_ALL_TABLES'), ',NO_AUTO_VALUE_ON_ZERO'),  @@SESSION.sql_auto_is_null = 0, @@SESSION.wait_timeout = 2147483[0m
  [1m[36mAdminUser Load (0.6ms)[0m  [1m[34mSELECT  `admin_users`.* FROM `admin_users` LIMIT 11[0m
  [1m[35m (0.3ms)[0m  [1m[35mBEGIN[0m
  [1m[35mSQL (12.6ms)[0m  [1m[32mINSERT INTO `admin_users` (`first_name`, `last_name`, `username`, `created_at`, `updated_at`) VALUES ('Odell', 'Purifoy', 'opurifoy', '2017-10-09 00:28:37', '2017-10-09 00:28:37')[0m
  [1m[35m (9.9ms)[0m  [1m[35mCOMMIT[0m
  [1m[36mPage Load (0.6ms)[0m  [1m[34mSELECT  `pages`.* FROM `pages` WHERE `pages`.`id` = 2 LIMIT 1[0m
  [1m[36mPage Load (0.4ms)[0m  [1m[34mSELECT  `pages`.* FROM `pages` LIMIT 11[0m
  [1m[36mPage Load (0.7ms)[0m  [1m[34mSELECT  `pages`.* FROM `pages` WHERE `pages`.`id` = 1 LIMIT 1[0m
  [1m[36mPage Load (1.2ms)[0m  [1m[34mSELECT  `pages`.* FROM `pages` WHERE `pages`.`id` = 1 LIMIT 1[0m
  [1m[35m (1.2ms)[0m  [1m[35mSET NAMES utf8,  @@SESSION.sql_mode = CONCAT(CONCAT(@@sql_mode, ',STRICT_ALL_TABLES'), ',NO_AUTO_VALUE_ON_ZERO'),  @@SESSION.sql_auto_is_null = 0, @@SESSION.wait_timeout = 2147483[0m
  [1m[36mPage Load (0.6ms)[0m  [1m[34mSELECT  `pages`.* FROM `pages` WHERE `pages`.`id` = 1 LIMIT 1[0m
  [1m[36mAdminUser Load (19.3ms)[0m  [1m[34mSELECT  `admin_users`.* FROM `admin_users` INNER JOIN `admin_users_pages` ON `admin_users`.`id` = `admin_users_pages`.`admin_user_id` WHERE `admin_users_pages`.`page_id` = 1 LIMIT 11[0m
  [1m[35m (1.6ms)[0m  [1m[35mBEGIN[0m
  [1m[35mSQL (0.5ms)[0m  [1m[32mINSERT INTO `admin_users` (`first_name`, `last_name`, `username`, `created_at`, `updated_at`) VALUES ('Odell', 'Purifoy', 'opurifoy', '2017-10-09 00:41:04', '2017-10-09 00:41:04')[0m
  [1m[35m (9.8ms)[0m  [1m[35mCOMMIT[0m
  [1m[36mPage Load (0.4ms)[0m  [1m[34mSELECT  `pages`.* FROM `pages` WHERE `pages`.`id` = 1 LIMIT 1[0m
  [1m[36mAdminUser Load (0.5ms)[0m  [1m[34mSELECT  `admin_users`.* FROM `admin_users` INNER JOIN `admin_users_pages` ON `admin_users`.`id` = `admin_users_pages`.`admin_user_id` WHERE `admin_users_pages`.`page_id` = 1 LIMIT 11[0m
  [1m[35m (0.2ms)[0m  [1m[35mBEGIN[0m
  [1m[35mSQL (0.4ms)[0m  [1m[32mINSERT INTO `admin_users_pages` (`admin_user_id`, `page_id`) VALUES (2, 1)[0m
  [1m[35m (8.3ms)[0m  [1m[35mCOMMIT[0m
  [1m[36mAdminUser Load (0.5ms)[0m  [1m[34mSELECT  `admin_users`.* FROM `admin_users` INNER JOIN `admin_users_pages` ON `admin_users`.`id` = `admin_users_pages`.`admin_user_id` WHERE `admin_users_pages`.`page_id` = 1 LIMIT 11[0m
  [1m[36mAdminUser Load (0.7ms)[0m  [1m[34mSELECT  `admin_users`.* FROM `admin_users` INNER JOIN `admin_users_pages` ON `admin_users`.`id` = `admin_users_pages`.`admin_user_id` WHERE `admin_users_pages`.`page_id` = 1 LIMIT 11[0m
  [1m[35m (12.3ms)[0m  [1m[35mSET NAMES utf8,  @@SESSION.sql_mode = CONCAT(CONCAT(@@sql_mode, ',STRICT_ALL_TABLES'), ',NO_AUTO_VALUE_ON_ZERO'),  @@SESSION.sql_auto_is_null = 0, @@SESSION.wait_timeout = 2147483[0m
  [1m[35m (0.2ms)[0m  [1m[34mSELECT GET_LOCK(5342516360615546595, 0)[0m
  [1m[35m (0.3ms)[0m  [1m[34mSELECT `schema_migrations`.`version` FROM `schema_migrations` ORDER BY `schema_migrations`.`version` ASC[0m
Migrating to CreateSectionEdits (20171009005107)
  [1m[35m (0.3ms)[0m  [1m[34mSELECT RELEASE_LOCK(5342516360615546595)[0m
  [1m[35m (6.1ms)[0m  [1m[35mSET NAMES utf8,  @@SESSION.sql_mode = CONCAT(CONCAT(@@sql_mode, ',STRICT_ALL_TABLES'), ',NO_AUTO_VALUE_ON_ZERO'),  @@SESSION.sql_auto_is_null = 0, @@SESSION.wait_timeout = 2147483[0m
  [1m[35m (0.2ms)[0m  [1m[34mSELECT GET_LOCK(5342516360615546595, 0)[0m
  [1m[35m (0.5ms)[0m  [1m[34mSELECT `schema_migrations`.`version` FROM `schema_migrations` ORDER BY `schema_migrations`.`version` ASC[0m
Migrating to CreateSectionEdits (20171009005107)
  [1m[35m (0.4ms)[0m  [1m[34mSELECT RELEASE_LOCK(5342516360615546595)[0m
  [1m[35m (0.5ms)[0m  [1m[35mSET NAMES utf8,  @@SESSION.sql_mode = CONCAT(CONCAT(@@sql_mode, ',STRICT_ALL_TABLES'), ',NO_AUTO_VALUE_ON_ZERO'),  @@SESSION.sql_auto_is_null = 0, @@SESSION.wait_timeout = 2147483[0m
  [1m[35m (0.2ms)[0m  [1m[34mSELECT GET_LOCK(5342516360615546595, 0)[0m
  [1m[35m (0.3ms)[0m  [1m[34mSELECT `schema_migrations`.`version` FROM `schema_migrations` ORDER BY `schema_migrations`.`version` ASC[0m
Migrating to CreateSectionEdits (20171009005107)
  [1m[35m (0.3ms)[0m  [1m[34mSELECT RELEASE_LOCK(5342516360615546595)[0m
  [1m[35m (0.4ms)[0m  [1m[35mSET NAMES utf8,  @@SESSION.sql_mode = CONCAT(CONCAT(@@sql_mode, ',STRICT_ALL_TABLES'), ',NO_AUTO_VALUE_ON_ZERO'),  @@SESSION.sql_auto_is_null = 0, @@SESSION.wait_timeout = 2147483[0m
  [1m[35m (0.2ms)[0m  [1m[34mSELECT GET_LOCK(5342516360615546595, 0)[0m
  [1m[35m (0.4ms)[0m  [1m[34mSELECT `schema_migrations`.`version` FROM `schema_migrations` ORDER BY `schema_migrations`.`version` ASC[0m
Migrating to CreateSectionEdits (20171009005107)
  [1m[35m (56.0ms)[0m  [1m[35mCREATE TABLE `section_edits` (`id` bigint NOT NULL AUTO_INCREMENT PRIMARY KEY, `admin_user_id` int, `section_id` int, `summary` varchar(255), `created_at` datetime NOT NULL, `updated_at` datetime NOT NULL) ENGINE=InnoDB[0m
  [1m[35m (28.5ms)[0m  [1m[35mCREATE  INDEX `index_section_edits_on_admin_user_id_and_section_id`  ON `section_edits` (`admin_user_id`, `section_id`) [0m
  [1m[35m (0.2ms)[0m  [1m[35mBEGIN[0m
  [1m[35mSQL (0.4ms)[0m  [1m[32mINSERT INTO `schema_migrations` (`version`) VALUES ('20171009005107')[0m
  [1m[35m (2.3ms)[0m  [1m[35mCOMMIT[0m
  [1m[36mActiveRecord::InternalMetadata Load (0.4ms)[0m  [1m[34mSELECT  `ar_internal_metadata`.* FROM `ar_internal_metadata` WHERE `ar_internal_metadata`.`key` = 'environment' LIMIT 1[0m
  [1m[35m (0.3ms)[0m  [1m[35mBEGIN[0m
  [1m[35m (0.3ms)[0m  [1m[35mCOMMIT[0m
  [1m[35m (0.4ms)[0m  [1m[34mSELECT RELEASE_LOCK(5342516360615546595)[0m
  [1m[35m (0.4ms)[0m  [1m[34mSELECT `schema_migrations`.`version` FROM `schema_migrations` ORDER BY `schema_migrations`.`version` ASC[0m
  [1m[35m (1.6ms)[0m  [1m[35mSET NAMES utf8,  @@SESSION.sql_mode = CONCAT(CONCAT(@@sql_mode, ',STRICT_ALL_TABLES'), ',NO_AUTO_VALUE_ON_ZERO'),  @@SESSION.sql_auto_is_null = 0, @@SESSION.wait_timeout = 2147483[0m
  [1m[36mAdminUser Load (0.6ms)[0m  [1m[34mSELECT  `admin_users`.* FROM `admin_users` WHERE `admin_users`.`id` = 1 LIMIT 1[0m
  [1m[35m (0.9ms)[0m  [1m[35mSET NAMES utf8,  @@SESSION.sql_mode = CONCAT(CONCAT(@@sql_mode, ',STRICT_ALL_TABLES'), ',NO_AUTO_VALUE_ON_ZERO'),  @@SESSION.sql_auto_is_null = 0, @@SESSION.wait_timeout = 2147483[0m
  [1m[36mAdminUser Load (0.5ms)[0m  [1m[34mSELECT  `admin_users`.* FROM `admin_users` WHERE `admin_users`.`id` = 1 LIMIT 1[0m
  [1m[36mSectionEdit Load (25.9ms)[0m  [1m[34mSELECT  `section_edits`.* FROM `section_edits` WHERE `section_edits`.`admin_user_id` = 1 LIMIT 11[0m
  [1m[35m (1.7ms)[0m  [1m[35mSET NAMES utf8,  @@SESSION.sql_mode = CONCAT(CONCAT(@@sql_mode, ',STRICT_ALL_TABLES'), ',NO_AUTO_VALUE_ON_ZERO'),  @@SESSION.sql_auto_is_null = 0, @@SESSION.wait_timeout = 2147483[0m
  [1m[36mAdminUser Load (0.7ms)[0m  [1m[34mSELECT  `admin_users`.* FROM `admin_users` WHERE `admin_users`.`id` = 1 LIMIT 1[0m
  [1m[35m (0.4ms)[0m  [1m[35mBEGIN[0m
  [1m[35m (0.3ms)[0m  [1m[31mROLLBACK[0m
  [1m[36mAdminUser Load (2.3ms)[0m  [1m[34mSELECT  `admin_users`.* FROM `admin_users` WHERE `admin_users`.`id` = 1 LIMIT 1[0m
  [1m[36mSectionEdit Load (0.6ms)[0m  [1m[34mSELECT  `section_edits`.* FROM `section_edits` WHERE `section_edits`.`admin_user_id` = 1 LIMIT 11[0m
  [1m[35m (1.0ms)[0m  [1m[35mSET NAMES utf8,  @@SESSION.sql_mode = CONCAT(CONCAT(@@sql_mode, ',STRICT_ALL_TABLES'), ',NO_AUTO_VALUE_ON_ZERO'),  @@SESSION.sql_auto_is_null = 0, @@SESSION.wait_timeout = 2147483[0m
  [1m[35m (0.4ms)[0m  [1m[34mSELECT GET_LOCK(5342516360615546595, 0)[0m
  [1m[35m (0.4ms)[0m  [1m[34mSELECT `schema_migrations`.`version` FROM `schema_migrations` ORDER BY `schema_migrations`.`version` ASC[0m
  [1m[36mActiveRecord::InternalMetadata Load (0.4ms)[0m  [1m[34mSELECT  `ar_internal_metadata`.* FROM `ar_internal_metadata` WHERE `ar_internal_metadata`.`key` = 'environment' LIMIT 1[0m
  [1m[35m (0.4ms)[0m  [1m[35mBEGIN[0m
  [1m[35m (0.3ms)[0m  [1m[35mCOMMIT[0m
  [1m[35m (0.3ms)[0m  [1m[34mSELECT RELEASE_LOCK(5342516360615546595)[0m
  [1m[35m (0.3ms)[0m  [1m[34mSELECT `schema_migrations`.`version` FROM `schema_migrations` ORDER BY `schema_migrations`.`version` ASC[0m
  [1m[35m (0.9ms)[0m  [1m[35mSET NAMES utf8,  @@SESSION.sql_mode = CONCAT(CONCAT(@@sql_mode, ',STRICT_ALL_TABLES'), ',NO_AUTO_VALUE_ON_ZERO'),  @@SESSION.sql_auto_is_null = 0, @@SESSION.wait_timeout = 2147483[0m
  [1m[36mAdminUser Load (0.6ms)[0m  [1m[34mSELECT  `admin_users`.* FROM `admin_users` WHERE `admin_users`.`id` = 1 LIMIT 1[0m
  [1m[35m (1.2ms)[0m  [1m[35mSET NAMES utf8,  @@SESSION.sql_mode = CONCAT(CONCAT(@@sql_mode, ',STRICT_ALL_TABLES'), ',NO_AUTO_VALUE_ON_ZERO'),  @@SESSION.sql_auto_is_null = 0, @@SESSION.wait_timeout = 2147483[0m
  [1m[36mAdminUser Load (0.7ms)[0m  [1m[34mSELECT  `admin_users`.* FROM `admin_users` WHERE `admin_users`.`id` = 1 LIMIT 1[0m
  [1m[35m (1.6ms)[0m  [1m[35mSET NAMES utf8,  @@SESSION.sql_mode = CONCAT(CONCAT(@@sql_mode, ',STRICT_ALL_TABLES'), ',NO_AUTO_VALUE_ON_ZERO'),  @@SESSION.sql_auto_is_null = 0, @@SESSION.wait_timeout = 2147483[0m
  [1m[36mAdminUser Load (0.7ms)[0m  [1m[34mSELECT  `admin_users`.* FROM `admin_users` WHERE `admin_users`.`id` = 1 LIMIT 1[0m
